<?xml version="1.0" encoding="UTF-8"?>
<testng-results ignored="4" total="16" passed="11" failed="1" skipped="0">
  <reporter-output>
  </reporter-output>
  <suite started-at="2024-12-22T16:32:06 IST" name="TestNg Learning" finished-at="2024-12-22T16:32:13 IST" duration-ms="7311">
    <groups>
      <group name="smoke2">
        <method signature="test4.timeoutTest()[pri:0, instance:test1.test4@55141def]" name="timeoutTest" class="test1.test4"/>
      </group> <!-- smoke2 -->
      <group name="smoke">
        <method signature="test1.demo()[pri:0, instance:test1.test1@16d04d3d]" name="demo" class="test1.test1"/>
        <method signature="test3.mobileLoginCarLoan()[pri:0, instance:test1.test3@131774fe]" name="mobileLoginCarLoan" class="test1.test3"/>
      </group> <!-- smoke -->
    </groups>
    <test started-at="2024-12-22T16:32:06 IST" name="loans" finished-at="2024-12-22T16:32:13 IST" duration-ms="6854">
      <class name="test1.test4">
        <test-method signature="webLoginHomeLoan()[pri:0, instance:test1.test4@55141def]" started-at="2024-12-22T16:32:06 IST" name="webLoginHomeLoan" finished-at="2024-12-22T16:32:06 IST" duration-ms="12" status="PASS">
          <reporter-output>
          </reporter-output>
        </test-method> <!-- webLoginHomeLoan -->
        <test-method signature="temp4()[pri:0, instance:test1.test4@55141def]" started-at="2024-12-22T16:32:06 IST" name="temp4" finished-at="2024-12-22T16:32:13 IST" duration-ms="6756" status="PASS">
          <reporter-output>
          </reporter-output>
        </test-method> <!-- temp4 -->
        <test-method signature="timeoutTest()[pri:0, instance:test1.test4@55141def]" started-at="2024-12-22T16:32:13 IST" name="timeoutTest" finished-at="2024-12-22T16:32:13 IST" duration-ms="20" status="PASS">
          <reporter-output>
          </reporter-output>
        </test-method> <!-- timeoutTest -->
        <test-method signature="loginAPIHomeLoan()[pri:0, instance:test1.test4@55141def]" started-at="2024-12-22T16:32:13 IST" name="loginAPIHomeLoan" finished-at="2024-12-22T16:32:13 IST" depends-on-methods="test1.test4.webLoginHomeLoan" duration-ms="5" status="PASS">
          <reporter-output>
          </reporter-output>
        </test-method> <!-- loginAPIHomeLoan -->
      </class> <!-- test1.test4 -->
      <class name="test1.test1">
        <test-method is-config="true" signature="temp3()[pri:0, instance:test1.test1@16d04d3d]" started-at="2024-12-22T16:32:06 IST" name="temp3" finished-at="2024-12-22T16:32:06 IST" duration-ms="8" status="PASS">
          <reporter-output>
          </reporter-output>
        </test-method> <!-- temp3 -->
        <test-method is-config="true" signature="temp2()[pri:0, instance:test1.test1@16d04d3d]" started-at="2024-12-22T16:32:13 IST" name="temp2" finished-at="2024-12-22T16:32:13 IST" duration-ms="0" status="PASS">
          <reporter-output>
          </reporter-output>
        </test-method> <!-- temp2 -->
      </class> <!-- test1.test1 -->
    </test> <!-- loans -->
    <test started-at="2024-12-22T16:32:06 IST" name="Test" finished-at="2024-12-22T16:32:13 IST" duration-ms="7311">
      <class name="test1.test3">
        <test-method signature="loginAPICarLoan()[pri:0, instance:test1.test3@131774fe]" started-at="2024-12-22T16:32:06 IST" name="loginAPICarLoan" finished-at="2024-12-22T16:32:06 IST" duration-ms="11" status="PASS">
          <reporter-output>
          </reporter-output>
        </test-method> <!-- loginAPICarLoan -->
        <test-method signature="mobileLoginCarLoan()[pri:0, instance:test1.test3@131774fe]" started-at="2024-12-22T16:32:06 IST" name="mobileLoginCarLoan" finished-at="2024-12-22T16:32:06 IST" duration-ms="4" status="PASS">
          <reporter-output>
          </reporter-output>
        </test-method> <!-- mobileLoginCarLoan -->
        <test-method signature="temp4()[pri:0, instance:test1.test3@131774fe]" started-at="2024-12-22T16:32:06 IST" name="temp4" finished-at="2024-12-22T16:32:12 IST" duration-ms="5478" status="PASS">
          <reporter-output>
          </reporter-output>
        </test-method> <!-- temp4 -->
        <test-method signature="webLoginCarLoan()[pri:0, instance:test1.test3@131774fe]" started-at="2024-12-22T16:32:12 IST" name="webLoginCarLoan" finished-at="2024-12-22T16:32:12 IST" duration-ms="3" status="FAIL">
          <exception class="java.lang.Error">
            <message>
              <![CDATA[Unresolved compilation problem: 
urlName cannot be resolved to a variable
]]>
            </message>
            <full-stacktrace>
              <![CDATA[java.lang.Error: Unresolved compilation problem: 
urlName cannot be resolved to a variable

at test1.test3.webLoginCarLoan(test3.java:19)
at java.base/jdk.internal.reflect.DirectMethodHandleAccessor.invoke(DirectMethodHandleAccessor.java:104)
at java.base/java.lang.reflect.Method.invoke(Method.java:578)
at org.testng.internal.MethodInvocationHelper.invokeMethod(MethodInvocationHelper.java:133)
at org.testng.internal.TestInvoker.invokeMethod(TestInvoker.java:598)
at org.testng.internal.TestInvoker.invokeTestMethod(TestInvoker.java:173)
at org.testng.internal.MethodRunner.runInSequence(MethodRunner.java:46)
at org.testng.internal.TestInvoker$MethodInvocationAgent.invoke(TestInvoker.java:824)
at org.testng.internal.TestInvoker.invokeTestMethods(TestInvoker.java:146)
at org.testng.internal.TestMethodWorker.invokeTestMethods(TestMethodWorker.java:146)
at org.testng.internal.TestMethodWorker.run(TestMethodWorker.java:128)
at java.base/java.util.concurrent.ThreadPoolExecutor.runWorker(ThreadPoolExecutor.java:1144)
at java.base/java.util.concurrent.ThreadPoolExecutor$Worker.run(ThreadPoolExecutor.java:642)
at java.base/java.lang.Thread.run(Thread.java:1589)
]]>
            </full-stacktrace>
          </exception> <!-- java.lang.Error -->
          <reporter-output>
          </reporter-output>
        </test-method> <!-- webLoginCarLoan -->
      </class> <!-- test1.test3 -->
      <class name="test1.test2">
        <test-method is-config="true" signature="demo2()[pri:0, instance:test1.test2@10e31a9a]" started-at="2024-12-22T16:32:06 IST" name="demo2" finished-at="2024-12-22T16:32:06 IST" duration-ms="0" status="PASS">
          <reporter-output>
          </reporter-output>
        </test-method> <!-- demo2 -->
        <test-method signature="demo1()[pri:0, instance:test1.test2@10e31a9a]" started-at="2024-12-22T16:32:06 IST" name="demo1" finished-at="2024-12-22T16:32:06 IST" duration-ms="10" status="PASS">
          <reporter-output>
          </reporter-output>
        </test-method> <!-- demo1 -->
        <test-method signature="temp4()[pri:0, instance:test1.test2@10e31a9a]" started-at="2024-12-22T16:32:06 IST" name="temp4" finished-at="2024-12-22T16:32:12 IST" duration-ms="5461" status="PASS">
          <reporter-output>
          </reporter-output>
        </test-method> <!-- temp4 -->
        <test-method is-config="true" signature="demo3()[pri:0, instance:test1.test2@10e31a9a]" started-at="2024-12-22T16:32:13 IST" name="demo3" finished-at="2024-12-22T16:32:13 IST" duration-ms="1" status="PASS">
          <reporter-output>
          </reporter-output>
        </test-method> <!-- demo3 -->
      </class> <!-- test1.test2 -->
      <class name="test1.test1">
        <test-method signature="demo()[pri:0, instance:test1.test1@16d04d3d]" started-at="2024-12-22T16:32:06 IST" name="demo" finished-at="2024-12-22T16:32:06 IST" duration-ms="8" status="PASS">
          <reporter-output>
          </reporter-output>
        </test-method> <!-- demo -->
        <test-method signature="temp4()[pri:0, instance:test1.test1@16d04d3d]" started-at="2024-12-22T16:32:06 IST" name="temp4" finished-at="2024-12-22T16:32:13 IST" duration-ms="7250" status="PASS">
          <reporter-output>
          </reporter-output>
        </test-method> <!-- temp4 -->
      </class> <!-- test1.test1 -->
    </test> <!-- Test -->
  </suite> <!-- TestNg Learning -->
</testng-results>
