<?xml version="1.0" encoding="UTF-8"?>
<!-- Generated by org.testng.reporters.JUnitXMLReporter -->
<testsuite ignored="0" hostname="Roushan" failures="0" tests="4" name="Default test" time="0.087" errors="0" timestamp="2024-12-22T14:27:32 IST">
  <testcase classname="test1.test1" name="demo" time="0.013"/>
  <testcase classname="test1.test1" name="temp" time="0.005"/>
  <testcase classname="test1.test1" name="temp" time="0.002"/>
  <testcase classname="test1.test1" name="temp" time="0.002"/>
</testsuite> <!-- Default test -->
