<?xml version="1.0" encoding="UTF-8"?>
<!-- Generated by org.testng.reporters.JUnitXMLReporter -->
<testsuite ignored="3" hostname="Roushan" failures="0" tests="4" name="loans" time="6.854" errors="0" timestamp="2024-12-22T16:32:13 IST">
  <testcase classname="test1.test4" name="webLoginHomeLoan" time="0.012"/>
  <testcase classname="test1.test4" name="temp4" time="6.756"/>
  <testcase classname="test1.test4" name="timeoutTest" time="0.02"/>
  <testcase classname="test1.test4" name="loginAPIHomeLoan" time="0.005"/>
  <testcase classname="test1.test4" name="mobileSignOutHomeLoan" time="0.0">
    <ignored/>
  </testcase> <!-- mobileSignOutHomeLoan -->
  <testcase classname="test1.test4" name="mobileLoginHomeLoan" time="0.0">
    <ignored/>
  </testcase> <!-- mobileLoginHomeLoan -->
  <testcase classname="test1.test4" name="mobileSignInHomeLoan" time="0.0">
    <ignored/>
  </testcase> <!-- mobileSignInHomeLoan -->
</testsuite> <!-- loans -->
