<?xml version="1.0" encoding="UTF-8"?>
<!-- Generated by org.testng.reporters.JUnitXMLReporter -->
<testsuite ignored="11" hostname="Roushan" failures="0" tests="1" name="regression" time="0.056" errors="0" timestamp="2024-12-21T13:52:48 IST">
  <testcase classname="test1.test4" name="timeoutTest" time="0.013"/>
  <testcase classname="test1.test3" name="webLoginCarLoan" time="0.0">
    <ignored/>
  </testcase> <!-- webLoginCarLoan -->
  <testcase classname="test1.test4" name="mobileSignOutHomeLoan" time="0.0">
    <ignored/>
  </testcase> <!-- mobileSignOutHomeLoan -->
  <testcase classname="test1.test1" name="temp" time="0.0">
    <ignored/>
  </testcase> <!-- temp -->
  <testcase classname="test1.test3" name="loginAPICarLoan" time="0.0">
    <ignored/>
  </testcase> <!-- loginAPICarLoan -->
  <testcase classname="test1.test3" name="mobileLoginCarLoan" time="0.0">
    <ignored/>
  </testcase> <!-- mobileLoginCarLoan -->
  <testcase classname="test1.test4" name="mobileLoginHomeLoan" time="0.0">
    <ignored/>
  </testcase> <!-- mobileLoginHomeLoan -->
  <testcase classname="test1.test4" name="webLoginHomeLoan" time="0.0">
    <ignored/>
  </testcase> <!-- webLoginHomeLoan -->
  <testcase classname="test1.test2" name="demo1" time="0.0">
    <ignored/>
  </testcase> <!-- demo1 -->
  <testcase classname="test1.test4" name="mobileSignInHomeLoan" time="0.0">
    <ignored/>
  </testcase> <!-- mobileSignInHomeLoan -->
  <testcase classname="test1.test4" name="loginAPIHomeLoan" time="0.0">
    <ignored/>
  </testcase> <!-- loginAPIHomeLoan -->
  <testcase classname="test1.test1" name="demo" time="0.0">
    <ignored/>
  </testcase> <!-- demo -->
</testsuite> <!-- regression -->
