<?xml version="1.0" encoding="UTF-8"?>
<!-- Generated by org.testng.reporters.JUnitXMLReporter -->
<testsuite ignored="1" hostname="Roushan" failures="1" tests="8" name="Test" time="7.311" errors="0" timestamp="2024-12-22T16:32:13 IST">
  <testcase classname="test1.test2" name="demo1" time="0.01"/>
  <testcase classname="test1.test1" name="demo" time="0.008"/>
  <testcase classname="test1.test3" name="loginAPICarLoan" time="0.011"/>
  <testcase classname="test1.test3" name="mobileLoginCarLoan" time="0.004"/>
  <testcase classname="test1.test2" name="temp4" time="5.461"/>
  <testcase classname="test1.test3" name="temp4" time="5.478"/>
  <testcase classname="test1.test3" name="webLoginCarLoan" time="0.003">
    <failure type="java.lang.Error" message="Unresolved compilation problem: 
	urlName cannot be resolved to a variable
">
      <![CDATA[java.lang.Error: Unresolved compilation problem: 
urlName cannot be resolved to a variable

at test1.test3.webLoginCarLoan(test3.java:19)
at java.base/java.util.concurrent.ThreadPoolExecutor.runWorker(ThreadPoolExecutor.java:1144)
at java.base/java.util.concurrent.ThreadPoolExecutor$Worker.run(ThreadPoolExecutor.java:642)
at java.base/java.lang.Thread.run(Thread.java:1589)
... Removed 10 stack frames]]>
    </failure>
  </testcase> <!-- webLoginCarLoan -->
  <testcase classname="test1.test1" name="temp4" time="7.25"/>
  <testcase classname="test1.test1" name="temp" time="0.0">
    <ignored/>
  </testcase> <!-- temp -->
</testsuite> <!-- Test -->
