<?xml version="1.0" encoding="UTF-8"?>
<!-- Generated by org.testng.reporters.JUnitXMLReporter -->
<testsuite ignored="0" hostname="Roushan" failures="0" tests="4" name="submitOrderTest" time="38.907" errors="0" timestamp="2025-01-03T02:22:22 IST">
  <testcase classname="Selenium.test.submitOrderTest" name="SubmitOrder" time="5.776"/>
  <testcase classname="Selenium.test.submitOrderTest" name="SubmitOrder" time="5.61"/>
  <testcase classname="Selenium.test.submitOrderTest" name="varifyOrderDisplay" time="2.706"/>
  <testcase classname="Selenium.test.submitOrderTest" name="varifyOrderDisplay" time="2.766"/>
</testsuite> <!-- submitOrderTest -->
