<?xml version="1.0" encoding="UTF-8"?>
<testng-results ignored="0" total="1" passed="1" failed="0" skipped="0">
  <reporter-output>
  </reporter-output>
  <suite started-at="2025-01-31T22:51:47 IST" name="Default suite" finished-at="2025-01-31T22:51:58 IST" duration-ms="10553">
    <groups>
    </groups>
    <test started-at="2025-01-31T22:51:47 IST" name="Default test" finished-at="2025-01-31T22:51:58 IST" duration-ms="10553">
      <class name="CoreSeleniumBasic.SeleniumBasec">
        <test-method signature="basic()[pri:0, instance:CoreSeleniumBasic.SeleniumBasec@2a65fe7c]" started-at="2025-01-31T22:51:47 IST" name="basic" finished-at="2025-01-31T22:51:58 IST" duration-ms="10499" status="PASS">
          <reporter-output>
          </reporter-output>
        </test-method> <!-- basic -->
      </class> <!-- CoreSeleniumBasic.SeleniumBasec -->
    </test> <!-- Default test -->
  </suite> <!-- Default suite -->
</testng-results>
