<?xml version="1.0" encoding="UTF-8"?>
<!-- Generated by org.testng.reporters.JUnitXMLReporter -->
<testsuite ignored="0" hostname="Roushan" failures="0" tests="4" name="submitOrderTest" time="44.639" errors="0" timestamp="2025-01-02T23:07:04 IST">
  <testcase classname="Selenium.test.submitOrderTest" name="SubmitOrder" time="5.568"/>
  <testcase classname="Selenium.test.submitOrderTest" name="SubmitOrder" time="5.763"/>
  <testcase classname="Selenium.test.submitOrderTest" name="varifyOrderDisplay" time="2.672"/>
  <testcase classname="Selenium.test.submitOrderTest" name="varifyOrderDisplay" time="2.826"/>
</testsuite> <!-- submitOrderTest -->
