<?xml version="1.0" encoding="UTF-8"?>
<!-- Generated by org.testng.reporters.JUnitXMLReporter -->
<testsuite ignored="0" hostname="Roushan" failures="0" tests="4" name="Test" time="56.739" errors="0" timestamp="2025-05-18T00:20:36 IST">
  <testcase classname="Selenium.TestCases.errorValidation" name="loginErrorValidation" time="0.774"/>
  <testcase classname="Selenium.TestCases.errorValidation" name="loginErrorValidation" time="0.741"/>
  <testcase classname="Selenium.TestCases.errorValidation" name="productErrorValidation" time="8.503"/>
  <testcase classname="Selenium.TestCases.errorValidation" name="productErrorValidation" time="8.641"/>
</testsuite> <!-- Test -->
