<?xml version="1.0" encoding="UTF-8"?>
<testng-results ignored="0" total="1" passed="1" failed="0" skipped="0">
  <reporter-output>
  </reporter-output>
  <suite started-at="2024-12-28T03:07:49 IST" name="Default suite" finished-at="2024-12-28T03:07:54 IST" duration-ms="5268">
    <groups>
    </groups>
    <test started-at="2024-12-28T03:07:49 IST" name="Default test" finished-at="2024-12-28T03:07:54 IST" duration-ms="5268">
      <class name="Selenium.ExtendReports.ExtendReportsdemo">
        <test-method is-config="true" signature="config()[pri:0, instance:Selenium.ExtendReports.ExtendReportsdemo@245b4bdc]" started-at="2024-12-28T03:07:49 IST" name="config" finished-at="2024-12-28T03:07:49 IST" duration-ms="258" status="PASS">
          <reporter-output>
          </reporter-output>
        </test-method> <!-- config -->
        <test-method signature="initialDemo()[pri:0, instance:Selenium.ExtendReports.ExtendReportsdemo@245b4bdc]" started-at="2024-12-28T03:07:49 IST" name="initialDemo" finished-at="2024-12-28T03:07:54 IST" duration-ms="4965" status="PASS">
          <reporter-output>
          </reporter-output>
        </test-method> <!-- initialDemo -->
      </class> <!-- Selenium.ExtendReports.ExtendReportsdemo -->
    </test> <!-- Default test -->
  </suite> <!-- Default suite -->
</testng-results>
