<?xml version="1.0" encoding="UTF-8"?>
<testng-results total="1" passed="1" failed="0" skipped="0">
  <reporter-output>
  </reporter-output>
  <suite started-at="2024-12-16T18:57:09Z" name="Default suite" finished-at="2024-12-16T18:57:09Z" duration-ms="41">
    <groups>
    </groups>
    <test started-at="2024-12-16T18:57:09Z" name="Default test" finished-at="2024-12-16T18:57:09Z" duration-ms="41">
      <class name="javaStreams.test1">
        <test-method signature="streamCollect()[pri:0, instance:javaStreams.test1@1caa0244]" started-at="2024-12-17T00:27:09Z" name="streamCollect" finished-at="2024-12-17T00:27:09Z" duration-ms="21" status="PASS">
          <reporter-output>
          </reporter-output>
        </test-method> <!-- streamCollect -->
      </class> <!-- javaStreams.test1 -->
    </test> <!-- Default test -->
  </suite> <!-- Default suite -->
</testng-results>
