<?xml version="1.0" encoding="UTF-8"?>
<!-- Generated by org.testng.reporters.JUnitXMLReporter -->
<testsuite ignored="0" hostname="DESKTOP-J8A3FE9" failures="0" tests="2" name="Test" time="17.459" errors="0" timestamp="2024-06-18T12:09:12 CEST">
  <testcase classname="rahulshettyacademy.tests.ValidationErrorTest" name="loginErrorValidation" time="1.151"/>
  <testcase classname="rahulshettyacademy.tests.ValidationErrorTest" name="productErrorValidation" time="3.452"/>
</testsuite> <!-- Test -->
