<?xml version="1.0" encoding="UTF-8"?>
<testng-results ignored="0" total="1" passed="1" failed="0" skipped="0">
  <reporter-output>
  </reporter-output>
  <suite started-at="2025-03-21T20:22:46 IST" name="Default suite" finished-at="2025-03-21T20:23:01 IST" duration-ms="14692">
    <groups>
    </groups>
    <test started-at="2025-03-21T20:22:46 IST" name="Default test" finished-at="2025-03-21T20:23:01 IST" duration-ms="14692">
      <class name="selenium.firstPractice">
        <test-method signature="lounchChrome()[pri:0, instance:selenium.firstPractice@3590fc5b]" started-at="2025-03-21T20:22:46 IST" name="lounchChrome" finished-at="2025-03-21T20:23:01 IST" duration-ms="14638" status="PASS">
          <reporter-output>
          </reporter-output>
        </test-method> <!-- lounchChrome -->
      </class> <!-- selenium.firstPractice -->
    </test> <!-- Default test -->
  </suite> <!-- Default suite -->
</testng-results>
